[10-Feb-2021 13:46:07 UTC] PHP Parse error:  syntax error, unexpected ':' in C:\Users\Usuario\Local Sites\transportesycomunicaciones\app\public\wp-content\themes\goretheme\page.php on line 5
[10-Feb-2021 18:04:45 UTC] PHP Parse error:  syntax error, unexpected 'endwhile' (T_ENDWHILE), expecting elseif (T_ELSEIF) or else (T_ELSE) or endif (T_ENDIF) in C:\Users\Usuario\Local Sites\transportesycomunicaciones\app\public\wp-content\themes\goretheme\page.php on line 15
[17-Feb-2021 23:22:23 UTC] PHP Warning:  require(C:\Users\pedro\Local Sites\transportesycomunicaciones\app\public/wp-content/themes/goretheme/inc/shortcodes.php): failed to open stream: No such file or directory in C:\Users\pedro\Local Sites\transportesycomunicaciones\app\public\wp-content\themes\goretheme\functions.php on line 4
[17-Feb-2021 23:22:23 UTC] PHP Stack trace:
[17-Feb-2021 23:22:23 UTC] PHP   1. {main}() C:\Users\pedro\Local Sites\transportesycomunicaciones\app\public\wp-admin\admin-ajax.php:0
[17-Feb-2021 23:22:23 UTC] PHP   2. require_once() C:\Users\pedro\Local Sites\transportesycomunicaciones\app\public\wp-admin\admin-ajax.php:22
[17-Feb-2021 23:22:23 UTC] PHP   3. require_once() C:\Users\pedro\Local Sites\transportesycomunicaciones\app\public\wp-load.php:37
[17-Feb-2021 23:22:23 UTC] PHP   4. require_once() C:\Users\pedro\Local Sites\transportesycomunicaciones\app\public\wp-config.php:77
[17-Feb-2021 23:22:23 UTC] PHP   5. include() C:\Users\pedro\Local Sites\transportesycomunicaciones\app\public\wp-settings.php:525
[17-Feb-2021 23:22:23 UTC] PHP Fatal error:  require(): Failed opening required 'C:\Users\pedro\Local Sites\transportesycomunicaciones\app\public/wp-content/themes/goretheme/inc/shortcodes.php' (include_path='.:/usr/share/php:/www/wp-content/pear') in C:\Users\pedro\Local Sites\transportesycomunicaciones\app\public\wp-content\themes\goretheme\functions.php on line 4
[17-Feb-2021 23:22:23 UTC] PHP Stack trace:
[17-Feb-2021 23:22:23 UTC] PHP   1. {main}() C:\Users\pedro\Local Sites\transportesycomunicaciones\app\public\wp-admin\admin-ajax.php:0
[17-Feb-2021 23:22:23 UTC] PHP   2. require_once() C:\Users\pedro\Local Sites\transportesycomunicaciones\app\public\wp-admin\admin-ajax.php:22
[17-Feb-2021 23:22:23 UTC] PHP   3. require_once() C:\Users\pedro\Local Sites\transportesycomunicaciones\app\public\wp-load.php:37
[17-Feb-2021 23:22:23 UTC] PHP   4. require_once() C:\Users\pedro\Local Sites\transportesycomunicaciones\app\public\wp-config.php:77
[17-Feb-2021 23:22:23 UTC] PHP   5. include() C:\Users\pedro\Local Sites\transportesycomunicaciones\app\public\wp-settings.php:525
[17-Feb-2021 23:24:24 UTC] PHP Warning:  require(C:\Users\pedro\Local Sites\transportesycomunicaciones\app\public/wp-content/themes/goretheme/inc/shortcodes.php): failed to open stream: No such file or directory in C:\Users\pedro\Local Sites\transportesycomunicaciones\app\public\wp-content\themes\goretheme\functions.php on line 4
[17-Feb-2021 23:24:24 UTC] PHP Stack trace:
[17-Feb-2021 23:24:24 UTC] PHP   1. {main}() C:\Users\pedro\Local Sites\transportesycomunicaciones\app\public\wp-admin\admin-ajax.php:0
[17-Feb-2021 23:24:24 UTC] PHP   2. require_once() C:\Users\pedro\Local Sites\transportesycomunicaciones\app\public\wp-admin\admin-ajax.php:22
[17-Feb-2021 23:24:24 UTC] PHP   3. require_once() C:\Users\pedro\Local Sites\transportesycomunicaciones\app\public\wp-load.php:37
[17-Feb-2021 23:24:24 UTC] PHP   4. require_once() C:\Users\pedro\Local Sites\transportesycomunicaciones\app\public\wp-config.php:77
[17-Feb-2021 23:24:24 UTC] PHP   5. include() C:\Users\pedro\Local Sites\transportesycomunicaciones\app\public\wp-settings.php:525
[17-Feb-2021 23:24:24 UTC] PHP Fatal error:  require(): Failed opening required 'C:\Users\pedro\Local Sites\transportesycomunicaciones\app\public/wp-content/themes/goretheme/inc/shortcodes.php' (include_path='.:/usr/share/php:/www/wp-content/pear') in C:\Users\pedro\Local Sites\transportesycomunicaciones\app\public\wp-content\themes\goretheme\functions.php on line 4
[17-Feb-2021 23:24:24 UTC] PHP Stack trace:
[17-Feb-2021 23:24:24 UTC] PHP   1. {main}() C:\Users\pedro\Local Sites\transportesycomunicaciones\app\public\wp-admin\admin-ajax.php:0
[17-Feb-2021 23:24:24 UTC] PHP   2. require_once() C:\Users\pedro\Local Sites\transportesycomunicaciones\app\public\wp-admin\admin-ajax.php:22
[17-Feb-2021 23:24:24 UTC] PHP   3. require_once() C:\Users\pedro\Local Sites\transportesycomunicaciones\app\public\wp-load.php:37
[17-Feb-2021 23:24:24 UTC] PHP   4. require_once() C:\Users\pedro\Local Sites\transportesycomunicaciones\app\public\wp-config.php:77
[17-Feb-2021 23:24:24 UTC] PHP   5. include() C:\Users\pedro\Local Sites\transportesycomunicaciones\app\public\wp-settings.php:525
[17-Feb-2021 23:29:10 UTC] PHP Warning:  require(C:\Users\pedro\Local Sites\transportesycomunicaciones\app\public/wp-content/themes/goretheme/inc/shortcodes.php): failed to open stream: No such file or directory in C:\Users\pedro\Local Sites\transportesycomunicaciones\app\public\wp-content\themes\goretheme\functions.php on line 4
[17-Feb-2021 23:29:10 UTC] PHP Stack trace:
[17-Feb-2021 23:29:10 UTC] PHP   1. {main}() C:\Users\pedro\Local Sites\transportesycomunicaciones\app\public\wp-admin\admin-ajax.php:0
[17-Feb-2021 23:29:10 UTC] PHP   2. require_once() C:\Users\pedro\Local Sites\transportesycomunicaciones\app\public\wp-admin\admin-ajax.php:22
[17-Feb-2021 23:29:10 UTC] PHP   3. require_once() C:\Users\pedro\Local Sites\transportesycomunicaciones\app\public\wp-load.php:37
[17-Feb-2021 23:29:10 UTC] PHP   4. require_once() C:\Users\pedro\Local Sites\transportesycomunicaciones\app\public\wp-config.php:77
[17-Feb-2021 23:29:10 UTC] PHP   5. include() C:\Users\pedro\Local Sites\transportesycomunicaciones\app\public\wp-settings.php:525
[17-Feb-2021 23:29:10 UTC] PHP Fatal error:  require(): Failed opening required 'C:\Users\pedro\Local Sites\transportesycomunicaciones\app\public/wp-content/themes/goretheme/inc/shortcodes.php' (include_path='.:/usr/share/php:/www/wp-content/pear') in C:\Users\pedro\Local Sites\transportesycomunicaciones\app\public\wp-content\themes\goretheme\functions.php on line 4
[17-Feb-2021 23:29:10 UTC] PHP Stack trace:
[17-Feb-2021 23:29:10 UTC] PHP   1. {main}() C:\Users\pedro\Local Sites\transportesycomunicaciones\app\public\wp-admin\admin-ajax.php:0
[17-Feb-2021 23:29:10 UTC] PHP   2. require_once() C:\Users\pedro\Local Sites\transportesycomunicaciones\app\public\wp-admin\admin-ajax.php:22
[17-Feb-2021 23:29:10 UTC] PHP   3. require_once() C:\Users\pedro\Local Sites\transportesycomunicaciones\app\public\wp-load.php:37
[17-Feb-2021 23:29:10 UTC] PHP   4. require_once() C:\Users\pedro\Local Sites\transportesycomunicaciones\app\public\wp-config.php:77
[17-Feb-2021 23:29:10 UTC] PHP   5. include() C:\Users\pedro\Local Sites\transportesycomunicaciones\app\public\wp-settings.php:525
[17-Feb-2021 23:29:50 UTC] PHP Warning:  require(C:\Users\pedro\Local Sites\transportesycomunicaciones\app\public/wp-content/themes/goretheme/inc/shortcodes.php): failed to open stream: No such file or directory in C:\Users\pedro\Local Sites\transportesycomunicaciones\app\public\wp-content\themes\goretheme\functions.php on line 4
[17-Feb-2021 23:29:50 UTC] PHP Stack trace:
[17-Feb-2021 23:29:50 UTC] PHP   1. {main}() C:\Users\pedro\Local Sites\transportesycomunicaciones\app\public\wp-admin\admin-ajax.php:0
[17-Feb-2021 23:29:50 UTC] PHP   2. require_once() C:\Users\pedro\Local Sites\transportesycomunicaciones\app\public\wp-admin\admin-ajax.php:22
[17-Feb-2021 23:29:50 UTC] PHP   3. require_once() C:\Users\pedro\Local Sites\transportesycomunicaciones\app\public\wp-load.php:37
[17-Feb-2021 23:29:50 UTC] PHP   4. require_once() C:\Users\pedro\Local Sites\transportesycomunicaciones\app\public\wp-config.php:77
[17-Feb-2021 23:29:50 UTC] PHP   5. include() C:\Users\pedro\Local Sites\transportesycomunicaciones\app\public\wp-settings.php:525
[17-Feb-2021 23:29:50 UTC] PHP Fatal error:  require(): Failed opening required 'C:\Users\pedro\Local Sites\transportesycomunicaciones\app\public/wp-content/themes/goretheme/inc/shortcodes.php' (include_path='.:/usr/share/php:/www/wp-content/pear') in C:\Users\pedro\Local Sites\transportesycomunicaciones\app\public\wp-content\themes\goretheme\functions.php on line 4
[17-Feb-2021 23:29:50 UTC] PHP Stack trace:
[17-Feb-2021 23:29:50 UTC] PHP   1. {main}() C:\Users\pedro\Local Sites\transportesycomunicaciones\app\public\wp-admin\admin-ajax.php:0
[17-Feb-2021 23:29:50 UTC] PHP   2. require_once() C:\Users\pedro\Local Sites\transportesycomunicaciones\app\public\wp-admin\admin-ajax.php:22
[17-Feb-2021 23:29:50 UTC] PHP   3. require_once() C:\Users\pedro\Local Sites\transportesycomunicaciones\app\public\wp-load.php:37
[17-Feb-2021 23:29:50 UTC] PHP   4. require_once() C:\Users\pedro\Local Sites\transportesycomunicaciones\app\public\wp-config.php:77
[17-Feb-2021 23:29:50 UTC] PHP   5. include() C:\Users\pedro\Local Sites\transportesycomunicaciones\app\public\wp-settings.php:525
[17-Feb-2021 23:29:50 UTC] PHP Warning:  require(C:\Users\pedro\Local Sites\transportesycomunicaciones\app\public/wp-content/themes/goretheme/inc/shortcodes.php): failed to open stream: No such file or directory in C:\Users\pedro\Local Sites\transportesycomunicaciones\app\public\wp-content\themes\goretheme\functions.php on line 4
[17-Feb-2021 23:29:50 UTC] PHP Stack trace:
[17-Feb-2021 23:29:50 UTC] PHP   1. {main}() C:\Users\pedro\Local Sites\transportesycomunicaciones\app\public\wp-admin\post.php:0
[17-Feb-2021 23:29:50 UTC] PHP   2. require_once() C:\Users\pedro\Local Sites\transportesycomunicaciones\app\public\wp-admin\post.php:12
[17-Feb-2021 23:29:50 UTC] PHP   3. require_once() C:\Users\pedro\Local Sites\transportesycomunicaciones\app\public\wp-admin\admin.php:34
[17-Feb-2021 23:29:50 UTC] PHP   4. require_once() C:\Users\pedro\Local Sites\transportesycomunicaciones\app\public\wp-load.php:37
[17-Feb-2021 23:29:50 UTC] PHP   5. require_once() C:\Users\pedro\Local Sites\transportesycomunicaciones\app\public\wp-config.php:77
[17-Feb-2021 23:29:50 UTC] PHP   6. include() C:\Users\pedro\Local Sites\transportesycomunicaciones\app\public\wp-settings.php:525
[17-Feb-2021 23:29:50 UTC] PHP Fatal error:  require(): Failed opening required 'C:\Users\pedro\Local Sites\transportesycomunicaciones\app\public/wp-content/themes/goretheme/inc/shortcodes.php' (include_path='.:/usr/share/php:/www/wp-content/pear') in C:\Users\pedro\Local Sites\transportesycomunicaciones\app\public\wp-content\themes\goretheme\functions.php on line 4
[17-Feb-2021 23:29:51 UTC] PHP Stack trace:
[17-Feb-2021 23:29:51 UTC] PHP   1. {main}() C:\Users\pedro\Local Sites\transportesycomunicaciones\app\public\wp-admin\post.php:0
[17-Feb-2021 23:29:51 UTC] PHP   2. require_once() C:\Users\pedro\Local Sites\transportesycomunicaciones\app\public\wp-admin\post.php:12
[17-Feb-2021 23:29:51 UTC] PHP   3. require_once() C:\Users\pedro\Local Sites\transportesycomunicaciones\app\public\wp-admin\admin.php:34
[17-Feb-2021 23:29:51 UTC] PHP   4. require_once() C:\Users\pedro\Local Sites\transportesycomunicaciones\app\public\wp-load.php:37
[17-Feb-2021 23:29:51 UTC] PHP   5. require_once() C:\Users\pedro\Local Sites\transportesycomunicaciones\app\public\wp-config.php:77
[17-Feb-2021 23:29:51 UTC] PHP   6. include() C:\Users\pedro\Local Sites\transportesycomunicaciones\app\public\wp-settings.php:525
[18-Feb-2021 16:00:32 UTC] PHP Fatal error:  Cannot redeclare gore_lista_noticias() (previously declared in C:\Users\Usuario\Local Sites\transportesycomunicaciones\app\public\wp-content\themes\goretheme\inc\queries.php:33) in C:\Users\Usuario\Local Sites\transportesycomunicaciones\app\public\wp-content\themes\goretheme\inc\queries.php on line 94
[18-Feb-2021 16:00:32 UTC] PHP Stack trace:
[18-Feb-2021 16:00:32 UTC] PHP   1. {main}() C:\Users\Usuario\Local Sites\transportesycomunicaciones\app\public\wp-admin\admin-ajax.php:0
[18-Feb-2021 16:00:32 UTC] PHP   2. require_once() C:\Users\Usuario\Local Sites\transportesycomunicaciones\app\public\wp-admin\admin-ajax.php:22
[18-Feb-2021 16:00:32 UTC] PHP   3. require_once() C:\Users\Usuario\Local Sites\transportesycomunicaciones\app\public\wp-load.php:37
[18-Feb-2021 16:00:32 UTC] PHP   4. require_once() C:\Users\Usuario\Local Sites\transportesycomunicaciones\app\public\wp-config.php:77
[18-Feb-2021 16:00:32 UTC] PHP   5. include() C:\Users\Usuario\Local Sites\transportesycomunicaciones\app\public\wp-settings.php:525
[18-Feb-2021 16:00:45 UTC] PHP Fatal error:  Cannot redeclare gore_lista_noticias() (previously declared in C:\Users\Usuario\Local Sites\transportesycomunicaciones\app\public\wp-content\themes\goretheme\inc\queries.php:33) in C:\Users\Usuario\Local Sites\transportesycomunicaciones\app\public\wp-content\themes\goretheme\inc\queries.php on line 94
[18-Feb-2021 16:00:45 UTC] PHP Stack trace:
[18-Feb-2021 16:00:45 UTC] PHP   1. {main}() C:\Users\Usuario\Local Sites\transportesycomunicaciones\app\public\wp-admin\admin-ajax.php:0
[18-Feb-2021 16:00:45 UTC] PHP   2. require_once() C:\Users\Usuario\Local Sites\transportesycomunicaciones\app\public\wp-admin\admin-ajax.php:22
[18-Feb-2021 16:00:45 UTC] PHP   3. require_once() C:\Users\Usuario\Local Sites\transportesycomunicaciones\app\public\wp-load.php:37
[18-Feb-2021 16:00:45 UTC] PHP   4. require_once() C:\Users\Usuario\Local Sites\transportesycomunicaciones\app\public\wp-config.php:77
[18-Feb-2021 16:00:45 UTC] PHP   5. include() C:\Users\Usuario\Local Sites\transportesycomunicaciones\app\public\wp-settings.php:525
[18-Feb-2021 16:02:45 UTC] PHP Fatal error:  Cannot redeclare gore_lista_noticias() (previously declared in C:\Users\Usuario\Local Sites\transportesycomunicaciones\app\public\wp-content\themes\goretheme\inc\queries.php:33) in C:\Users\Usuario\Local Sites\transportesycomunicaciones\app\public\wp-content\themes\goretheme\inc\queries.php on line 94
[18-Feb-2021 16:02:45 UTC] PHP Stack trace:
[18-Feb-2021 16:02:45 UTC] PHP   1. {main}() C:\Users\Usuario\Local Sites\transportesycomunicaciones\app\public\wp-admin\admin-ajax.php:0
[18-Feb-2021 16:02:45 UTC] PHP   2. require_once() C:\Users\Usuario\Local Sites\transportesycomunicaciones\app\public\wp-admin\admin-ajax.php:22
[18-Feb-2021 16:02:45 UTC] PHP   3. require_once() C:\Users\Usuario\Local Sites\transportesycomunicaciones\app\public\wp-load.php:37
[18-Feb-2021 16:02:45 UTC] PHP   4. require_once() C:\Users\Usuario\Local Sites\transportesycomunicaciones\app\public\wp-config.php:77
[18-Feb-2021 16:02:45 UTC] PHP   5. include() C:\Users\Usuario\Local Sites\transportesycomunicaciones\app\public\wp-settings.php:525
[18-Feb-2021 16:08:49 UTC] PHP Parse error:  syntax error, unexpected end of file in C:\Users\Usuario\Local Sites\transportesycomunicaciones\app\public\wp-content\themes\goretheme\inc\queries.php on line 89
[18-Feb-2021 16:10:41 UTC] PHP Parse error:  syntax error, unexpected end of file in C:\Users\Usuario\Local Sites\transportesycomunicaciones\app\public\wp-content\themes\goretheme\inc\queries.php on line 89
[18-Feb-2021 16:11:42 UTC] PHP Parse error:  syntax error, unexpected end of file in C:\Users\Usuario\Local Sites\transportesycomunicaciones\app\public\wp-content\themes\goretheme\inc\queries.php on line 89
[18-Feb-2021 16:12:43 UTC] PHP Parse error:  syntax error, unexpected end of file in C:\Users\Usuario\Local Sites\transportesycomunicaciones\app\public\wp-content\themes\goretheme\inc\queries.php on line 89
[18-Feb-2021 16:13:44 UTC] PHP Parse error:  syntax error, unexpected end of file in C:\Users\Usuario\Local Sites\transportesycomunicaciones\app\public\wp-content\themes\goretheme\inc\queries.php on line 89
[18-Feb-2021 16:14:59 UTC] PHP Parse error:  syntax error, unexpected end of file in C:\Users\Usuario\Local Sites\transportesycomunicaciones\app\public\wp-content\themes\goretheme\inc\queries.php on line 89
[18-Feb-2021 16:16:00 UTC] PHP Parse error:  syntax error, unexpected end of file in C:\Users\Usuario\Local Sites\transportesycomunicaciones\app\public\wp-content\themes\goretheme\inc\queries.php on line 89
[18-Feb-2021 16:17:01 UTC] PHP Parse error:  syntax error, unexpected end of file in C:\Users\Usuario\Local Sites\transportesycomunicaciones\app\public\wp-content\themes\goretheme\inc\queries.php on line 89
[18-Feb-2021 16:19:02 UTC] PHP Parse error:  syntax error, unexpected end of file in C:\Users\Usuario\Local Sites\transportesycomunicaciones\app\public\wp-content\themes\goretheme\inc\queries.php on line 89
[18-Feb-2021 16:21:03 UTC] PHP Parse error:  syntax error, unexpected end of file in C:\Users\Usuario\Local Sites\transportesycomunicaciones\app\public\wp-content\themes\goretheme\inc\queries.php on line 89
[18-Feb-2021 16:23:04 UTC] PHP Parse error:  syntax error, unexpected end of file in C:\Users\Usuario\Local Sites\transportesycomunicaciones\app\public\wp-content\themes\goretheme\inc\queries.php on line 89
[18-Feb-2021 16:25:05 UTC] PHP Parse error:  syntax error, unexpected end of file in C:\Users\Usuario\Local Sites\transportesycomunicaciones\app\public\wp-content\themes\goretheme\inc\queries.php on line 89
[18-Feb-2021 17:00:33 UTC] PHP Parse error:  syntax error, unexpected end of file in C:\Users\Usuario\Local Sites\transportesycomunicaciones\app\public\wp-content\themes\goretheme\inc\queries.php on line 89
[18-Feb-2021 17:01:34 UTC] PHP Parse error:  syntax error, unexpected end of file in C:\Users\Usuario\Local Sites\transportesycomunicaciones\app\public\wp-content\themes\goretheme\inc\queries.php on line 89
[18-Feb-2021 17:03:35 UTC] PHP Parse error:  syntax error, unexpected end of file in C:\Users\Usuario\Local Sites\transportesycomunicaciones\app\public\wp-content\themes\goretheme\inc\queries.php on line 89
[18-Feb-2021 17:05:36 UTC] PHP Parse error:  syntax error, unexpected end of file in C:\Users\Usuario\Local Sites\transportesycomunicaciones\app\public\wp-content\themes\goretheme\inc\queries.php on line 89
[18-Feb-2021 17:07:37 UTC] PHP Parse error:  syntax error, unexpected end of file in C:\Users\Usuario\Local Sites\transportesycomunicaciones\app\public\wp-content\themes\goretheme\inc\queries.php on line 89
[18-Feb-2021 17:09:10 UTC] PHP Parse error:  syntax error, unexpected end of file in C:\Users\Usuario\Local Sites\transportesycomunicaciones\app\public\wp-content\themes\goretheme\inc\queries.php on line 89
[18-Feb-2021 17:10:11 UTC] PHP Parse error:  syntax error, unexpected end of file in C:\Users\Usuario\Local Sites\transportesycomunicaciones\app\public\wp-content\themes\goretheme\inc\queries.php on line 89
[18-Feb-2021 17:12:12 UTC] PHP Parse error:  syntax error, unexpected end of file in C:\Users\Usuario\Local Sites\transportesycomunicaciones\app\public\wp-content\themes\goretheme\inc\queries.php on line 89
[18-Feb-2021 17:14:13 UTC] PHP Parse error:  syntax error, unexpected end of file in C:\Users\Usuario\Local Sites\transportesycomunicaciones\app\public\wp-content\themes\goretheme\inc\queries.php on line 89
[18-Feb-2021 17:15:14 UTC] PHP Parse error:  syntax error, unexpected end of file in C:\Users\Usuario\Local Sites\transportesycomunicaciones\app\public\wp-content\themes\goretheme\inc\queries.php on line 89
[18-Feb-2021 17:16:15 UTC] PHP Parse error:  syntax error, unexpected end of file in C:\Users\Usuario\Local Sites\transportesycomunicaciones\app\public\wp-content\themes\goretheme\inc\queries.php on line 89
[18-Feb-2021 17:16:21 UTC] PHP Parse error:  syntax error, unexpected end of file in C:\Users\Usuario\Local Sites\transportesycomunicaciones\app\public\wp-content\themes\goretheme\inc\queries.php on line 89
[18-Feb-2021 17:17:22 UTC] PHP Parse error:  syntax error, unexpected end of file in C:\Users\Usuario\Local Sites\transportesycomunicaciones\app\public\wp-content\themes\goretheme\inc\queries.php on line 89
[18-Feb-2021 17:18:16 UTC] PHP Parse error:  syntax error, unexpected end of file in C:\Users\Usuario\Local Sites\transportesycomunicaciones\app\public\wp-content\themes\goretheme\inc\queries.php on line 89
[18-Feb-2021 17:19:23 UTC] PHP Parse error:  syntax error, unexpected end of file in C:\Users\Usuario\Local Sites\transportesycomunicaciones\app\public\wp-content\themes\goretheme\inc\queries.php on line 89
[18-Feb-2021 17:20:17 UTC] PHP Parse error:  syntax error, unexpected end of file in C:\Users\Usuario\Local Sites\transportesycomunicaciones\app\public\wp-content\themes\goretheme\inc\queries.php on line 89
[18-Feb-2021 17:21:24 UTC] PHP Parse error:  syntax error, unexpected end of file in C:\Users\Usuario\Local Sites\transportesycomunicaciones\app\public\wp-content\themes\goretheme\inc\queries.php on line 89
[18-Feb-2021 17:22:18 UTC] PHP Parse error:  syntax error, unexpected end of file in C:\Users\Usuario\Local Sites\transportesycomunicaciones\app\public\wp-content\themes\goretheme\inc\queries.php on line 89
[18-Feb-2021 17:23:25 UTC] PHP Parse error:  syntax error, unexpected end of file in C:\Users\Usuario\Local Sites\transportesycomunicaciones\app\public\wp-content\themes\goretheme\inc\queries.php on line 89
[18-Feb-2021 21:45:22 UTC] PHP Fatal error:  Uncaught Error: Call to undefined function gymfitness_lista_clases() in C:\Users\pedro\Local Sites\transportesycomunicaciones\app\public\wp-content\themes\goretheme\front-page.php:5
Stack trace:
#0 C:\Users\pedro\Local Sites\transportesycomunicaciones\app\public\wp-includes\template-loader.php(106): include()
#1 C:\Users\pedro\Local Sites\transportesycomunicaciones\app\public\wp-blog-header.php(19): require_once('C:\\Users\\pedro\\...')
#2 C:\Users\pedro\Local Sites\transportesycomunicaciones\app\public\index.php(17): require('C:\\Users\\pedro\\...')
#3 {main}
  thrown in C:\Users\pedro\Local Sites\transportesycomunicaciones\app\public\wp-content\themes\goretheme\front-page.php on line 5
[03-Mar-2021 16:21:19 UTC] PHP Parse error:  syntax error, unexpected '}' in C:\Users\Usuario\Local Sites\transportesycomunicaciones\app\public\wp-content\themes\goretheme\functions.php on line 42
[03-Mar-2021 16:21:19 UTC] PHP Parse error:  syntax error, unexpected '}' in C:\Users\Usuario\Local Sites\transportesycomunicaciones\app\public\wp-content\themes\goretheme\functions.php on line 42
[03-Mar-2021 18:03:50 UTC] PHP Fatal error:  Uncaught Error: Call to undefined function get_stylesheet_direct_uri() in C:\Users\Usuario\Local Sites\transportesycomunicaciones\app\public\wp-content\themes\goretheme\functions.php:41
Stack trace:
#0 C:\Users\Usuario\Local Sites\transportesycomunicaciones\app\public\wp-includes\class-wp-hook.php(287): web_new_fonts('')
#1 C:\Users\Usuario\Local Sites\transportesycomunicaciones\app\public\wp-includes\class-wp-hook.php(311): WP_Hook->apply_filters(NULL, Array)
#2 C:\Users\Usuario\Local Sites\transportesycomunicaciones\app\public\wp-includes\plugin.php(484): WP_Hook->do_action(Array)
#3 C:\Users\Usuario\Local Sites\transportesycomunicaciones\app\public\wp-includes\script-loader.php(2004): do_action('wp_enqueue_scri...')
#4 C:\Users\Usuario\Local Sites\transportesycomunicaciones\app\public\wp-includes\class-wp-hook.php(287): wp_enqueue_scripts('')
#5 C:\Users\Usuario\Local Sites\transportesycomunicaciones\app\public\wp-includes\class-wp-hook.php(311): WP_Hook->apply_filters(NULL, Array)
#6 C:\Users\Usuario\Loca in C:\Users\Usuario\Local Sites\transportesycomunicaciones\app\public\wp-content\themes\goretheme\functions.php on line 41
[11-Mar-2021 15:05:21 UTC] PHP Parse error:  syntax error, unexpected ';', expecting ')' in C:\Users\Usuario\Local Sites\transportesycomunicaciones\app\public\wp-content\themes\goretheme\functions.php on line 22
[11-Mar-2021 15:05:21 UTC] PHP Parse error:  syntax error, unexpected ';', expecting ')' in C:\Users\Usuario\Local Sites\transportesycomunicaciones\app\public\wp-content\themes\goretheme\functions.php on line 22
[11-Mar-2021 15:05:22 UTC] PHP Parse error:  syntax error, unexpected ';', expecting ')' in C:\Users\Usuario\Local Sites\transportesycomunicaciones\app\public\wp-content\themes\goretheme\functions.php on line 22
[11-Mar-2021 15:05:24 UTC] PHP Parse error:  syntax error, unexpected ';', expecting ')' in C:\Users\Usuario\Local Sites\transportesycomunicaciones\app\public\wp-content\themes\goretheme\functions.php on line 22
[11-Mar-2021 15:05:29 UTC] PHP Parse error:  syntax error, unexpected ';', expecting ')' in C:\Users\Usuario\Local Sites\transportesycomunicaciones\app\public\wp-content\themes\goretheme\functions.php on line 22
[11-Mar-2021 15:05:29 UTC] PHP Parse error:  syntax error, unexpected ';', expecting ')' in C:\Users\Usuario\Local Sites\transportesycomunicaciones\app\public\wp-content\themes\goretheme\functions.php on line 22
[11-Mar-2021 15:05:40 UTC] PHP Parse error:  syntax error, unexpected ';', expecting ')' in C:\Users\Usuario\Local Sites\transportesycomunicaciones\app\public\wp-content\themes\goretheme\functions.php on line 22
[11-Mar-2021 15:05:41 UTC] PHP Parse error:  syntax error, unexpected ';', expecting ')' in C:\Users\Usuario\Local Sites\transportesycomunicaciones\app\public\wp-content\themes\goretheme\functions.php on line 22
[16-Mar-2021 18:22:10 UTC] PHP Fatal error:  Uncaught ArgumentCountError: Too few arguments to function esc_url(), 0 passed in C:\Users\Usuario\Local Sites\transportesycomunicaciones\app\public\wp-content\themes\goretheme\header.php on line 21 and at least 1 expected in C:\Users\Usuario\Local Sites\transportesycomunicaciones\app\public\wp-includes\formatting.php:4307
Stack trace:
#0 C:\Users\Usuario\Local Sites\transportesycomunicaciones\app\public\wp-content\themes\goretheme\header.php(21): esc_url()
#1 C:\Users\Usuario\Local Sites\transportesycomunicaciones\app\public\wp-includes\template.php(730): require_once('C:\\Users\\Usuari...')
#2 C:\Users\Usuario\Local Sites\transportesycomunicaciones\app\public\wp-includes\template.php(676): load_template('C:\\Users\\Usuari...', true, Array)
#3 C:\Users\Usuario\Local Sites\transportesycomunicaciones\app\public\wp-includes\general-template.php(48): locate_template(Array, true, true, Array)
#4 C:\Users\Usuario\Local Sites\transportesycomunicaciones\app\public\wp-content\themes\goretheme\page-historia.php(5): ge in C:\Users\Usuario\Local Sites\transportesycomunicaciones\app\public\wp-includes\formatting.php on line 4307
[16-Mar-2021 18:36:31 UTC] PHP Parse error:  syntax error, unexpected 'echo' (T_ECHO) in C:\Users\Usuario\Local Sites\transportesycomunicaciones\app\public\wp-content\themes\goretheme\header.php on line 21
[16-Mar-2021 18:37:05 UTC] PHP Fatal error:  Uncaught Error: Call to undefined function ¿get_permalink() in C:\Users\Usuario\Local Sites\transportesycomunicaciones\app\public\wp-content\themes\goretheme\header.php:21
Stack trace:
#0 C:\Users\Usuario\Local Sites\transportesycomunicaciones\app\public\wp-includes\template.php(730): require_once()
#1 C:\Users\Usuario\Local Sites\transportesycomunicaciones\app\public\wp-includes\template.php(676): load_template('C:\\Users\\Usuari...', true, Array)
#2 C:\Users\Usuario\Local Sites\transportesycomunicaciones\app\public\wp-includes\general-template.php(48): locate_template(Array, true, true, Array)
#3 C:\Users\Usuario\Local Sites\transportesycomunicaciones\app\public\wp-content\themes\goretheme\page-nosotros.php(5): get_header()
#4 C:\Users\Usuario\Local Sites\transportesycomunicaciones\app\public\wp-includes\template-loader.php(106): include('C:\\Users\\Usuari...')
#5 C:\Users\Usuario\Local Sites\transportesycomunicaciones\app\public\wp-blog-header.php(19): require_once('C:\\Users\\Usuari...')
#6 C:\Users\Usua in C:\Users\Usuario\Local Sites\transportesycomunicaciones\app\public\wp-content\themes\goretheme\header.php on line 21
[24-Mar-2021 19:15:28 UTC] PHP Parse error:  syntax error, unexpected end of file in C:\Users\Usuario\Local Sites\transportesycomunicaciones\app\public\wp-content\themes\goretheme\sidebar-requisitos.php on line 26
[24-Mar-2021 19:15:49 UTC] PHP Parse error:  syntax error, unexpected end of file in C:\Users\Usuario\Local Sites\transportesycomunicaciones\app\public\wp-content\themes\goretheme\sidebar-requisitos.php on line 26
[06-May-2021 14:16:09 UTC] PHP Parse error:  syntax error, unexpected '<' in C:\Users\GTAD56JD\Local Sites\transportesycomunicaciones\app\public\wp-content\themes\goretheme\page-licencias-de-conducir.php on line 13
